<?xml version='1.0' encoding='UTF-8'?>
<testsuite hostname="therac-25-mini" name="org.apache.spark.sql.execution.joins.DNSJoinSuite" tests="1" errors="1" failures="0" time="27.523">
                     <properties>
[...]
</properties>
                     <testcase classname="org.apache.spark.sql.execution.joins.DNSJoinSuite" name="(It is not a test)" time="27.523">
                                                 <error message="Java heap space" type="sbt.ForkMain$ForkError">sbt.ForkMain$ForkError: Java heap space
	at java.util.Arrays.copyOf(Arrays.java:3332)
	at java.lang.AbstractStringBuilder.ensureCapacityInternal(AbstractStringBuilder.java:124)
	at java.lang.AbstractStringBuilder.append(AbstractStringBuilder.java:448)
	at java.lang.StringBuffer.append(StringBuffer.java:270)
	at java.text.MessageFormat.subformat(MessageFormat.java:1242)
	at java.text.MessageFormat.format(MessageFormat.java:865)
	at java.text.Format.format(Format.java:157)
	at org.scalactic.Bool$class.makeString(Bool.scala:36)
	at org.scalactic.Bool$class.failureMessage(Bool.scala:44)
	at org.scalactic.LengthSizeMacroBool.failureMessage(Bool.scala:1065)
	at org.scalatest.Assertions$AssertionsHelper.macroAssert(Assertions.scala:465)
	at org.apache.spark.sql.execution.joins.DNSJoinSuite$$anonfun$1.apply$mcV$sp(DNSJoinSuite.scala:41)
	at org.apache.spark.sql.execution.joins.DNSJoinSuite$$anonfun$1.apply(DNSJoinSuite.scala:37)
	at org.apache.spark.sql.execution.joins.DNSJoinSuite$$anonfun$1.apply(DNSJoinSuite.scala:37)
	at org.scalatest.Transformer$$anonfun$apply$1.apply$mcV$sp(Transformer.scala:22)
	at org.scalatest.OutcomeOf$class.outcomeOf(OutcomeOf.scala:85)
	at org.scalatest.OutcomeOf$.outcomeOf(OutcomeOf.scala:104)
	at org.scalatest.Transformer.apply(Transformer.scala:22)
	at org.scalatest.Transformer.apply(Transformer.scala:20)
	at org.scalatest.FunSuiteLike$$anon$1.apply(FunSuiteLike.scala:166)
	at org.scalatest.Suite$class.withFixture(Suite.scala:1122)
	at org.scalatest.FunSuite.withFixture(FunSuite.scala:1555)
	at org.scalatest.FunSuiteLike$class.invokeWithFixture$1(FunSuiteLike.scala:163)
	at org.scalatest.FunSuiteLike$$anonfun$runTest$1.apply(FunSuiteLike.scala:175)
	at org.scalatest.FunSuiteLike$$anonfun$runTest$1.apply(FunSuiteLike.scala:175)
	at org.scalatest.SuperEngine.runTestImpl(Engine.scala:306)
	at org.scalatest.FunSuiteLike$class.runTest(FunSuiteLike.scala:175)
	at org.scalatest.FunSuite.runTest(FunSuite.scala:1555)
	at org.scalatest.FunSuiteLike$$anonfun$runTests$1.apply(FunSuiteLike.scala:208)
	at org.scalatest.FunSuiteLike$$anonfun$runTests$1.apply(FunSuiteLike.scala:208)
	at org.scalatest.SuperEngine$$anonfun$traverseSubNodes$1$1.apply(Engine.scala:413)
	at org.scalatest.SuperEngine$$anonfun$traverseSubNodes$1$1.apply(Engine.scala:401)
</error>
                                               </testcase>
                     <system-out></system-out>
                     <system-err></system-err>
                   </testsuite>